starting test
cycle 1 complete
b'R0B5= 00119,-00821,-00375, 06954, 07265, 07068, 07050, 07019,11111001,-0020753000,0202120598,H,R,-, 0000000000,0068055200,S,R,N, 0000000000,000000i885,S,R,N,-0020753000, 00120,00000000,E2\r'
cycle 2 complete
b'R0B5= 00118,-00807,-00343, 07159, 07526, 07335, 07296, 07242,11111001,-0030949908,0201863958,H,R,-, 0000000000,0068055200,S,R,N, 0000000000,000000i885,S,R,N,-0030949908, 00118,00000000,99\r'
cycle 3 complete
b'R0B5= 00119,-00827,-00391, 07111, 07457, 07290, 07252, 07196,11111001,-0026619714,0201538856,H,R,-, 0000000000,0068055200,S,R,N, 0000000000,000000i885,S,R,N,-0026619714, 00119,00000000,AB\r'
cycle 4 complete
b'R0B5= 21165, 21381, 20889, 14241, 14007, 13629, 13874, 14131,11111001,-0046706229,0197564683,R,R,-, 0000000000,0068055200,S,R,N, 0000000000,000000i885,S,R,N,-0046706229, 21165,00000000,A8\r'
cycle 5 complete
b'R0B5= 00114,-01669,-03109,-03877,-03453,-03600,-03662,-03670,11111001,-0015844118,0201296813,H,R,-, 0000000000,0068055200,S,R,N, 0000000000,000000i885,S,R,N,-0015844118, 00114,00000000,85\r'
cycle 6 complete
b'R0B5= 21122, 21345, 20856, 13944, 13661, 13279, 13552, 13845,11111001,-0046723503,0197279681,R,R,-, 0000000000,0068055200,S,R,N, 0000000000,000000i885,S,R,N,-0046723503, 21122,00000000,B4\r'
cycle 7 complete
b'R0B5= 00115,-01670,-03110,-03892,-03471,-03619,-03679,-03685,11111001,-0023047803,0201000772,H,R,-, 0000000000,0068055200,S,R,N, 0000000000,000000i885,S,R,N,-0023047803, 00117,00000000,93\r'
cycle 8 complete
b'R0B5= 21216, 21432, 20933, 14016, 13728, 13340, 13613, 13908,11111001,-0046672129,0197091037,R,R,-, 0000000000,0068055200,S,R,N, 0000000000,000000i885,S,R,N,-0046672129, 21216,00000000,C4\r'
cycle 9 complete
b'R0B5= 00116,-01670,-03111,-03887,-03465,-03613,-03674,-03680,11111001,-0034102767,0200826608,H,R,-, 0000000000,0068055200,S,R,N, 0000000000,000000i885,S,R,N,-0034102767, 00117,00000000,87\r'
cycle 10 complete
b'R0B5= 00118,-00816,-00358, 06920, 07216, 07038, 07031, 07012,11111001,-0024743962,0200636767,H,R,-, 0000000000,0068055200,S,R,N, 0000000000,000000i885,S,R,N,-0024743962, 00119,00000000,BC\r'
cycle 11 complete
b'R0B5= 00123,-00815,-00358, 07187, 07529, 07359, 07322, 07267,11111001,-0017739824,0200473443,H,R,-, 0000000000,0068055200,S,R,N, 0000000000,000000i885,S,R,N,-0017739824, 00123,00000000,A6\r'
cycle 12 complete
b'R0B5= 00123,-00859,-00456, 07063, 07413, 07221, 07205, 07149,11111001,-0007822284,0200047926,H,R,-, 0000000000,0068055200,S,R,N, 0000000000,000000i885,S,R,N,-0007822284, 00123,00000000,C8\r'
cycle 13 complete
b'R0B5= 00124,-00841,-00413, 07149, 07492, 07300, 07261, 07203,11111001,-0022788391,0199819017,H,R,-, 0000000000,0068055200,S,R,N, 0000000000,000000i885,S,R,N,-0022788391, 00124,00000000,B6\r'
cycle 14 complete
b'R0B5= 00123,-00825,-00376, 07187, 07556, 07363, 07323, 07267,11111001,-0017600141,0199667762,H,R,-, 0000000000,0068055200,S,R,N, 0000000000,000000i885,S,R,N,-0017600141, 00124,00000000,B8\r'
cycle 15 complete
b'R0B5= 20521, 20914, 20542, 13945, 13730, 13368, 13604, 13863,11111001,-0046617777,0195407407,R,R,-, 0000000000,0068055200,S,R,N, 0000000000,000000i885,S,R,N,-0046617777, 20521,00000000,AB\r'
cycle 16 complete
b'R0B5= 00114,-01675,-03114,-03914,-03492,-03642,-03702,-03707,11111001,-0022628753,0198956196,H,R,-, 0000000000,0068055200,S,R,N, 0000000000,000000i885,S,R,N,-0022628753, 00116,00000000,71\r'
cycle 17 complete
b'R0B5= 20947, 21244, 20804, 13890, 13608, 13226, 13499, 13791,11111001,-0046688658,0194951948,R,R,-, 0000000000,0068055200,S,R,N, 0000000000,000000i885,S,R,N,-0046688658, 20947,00000000,74\r'
cycle 18 complete
b'R0B5= 00113,-01673,-03113,-03903,-03482,-03632,-03691,-03696,11111001,-0033384394,0198585442,H,R,-, 0000000000,0068055200,S,R,N, 0000000000,000000i885,S,R,N,-0033384394, 00113,00000000,72\r'
cycle 19 complete
b'R0B5= 20863, 21175, 20749, 13833, 13555, 13176, 13439, 13741,11111001,-0046650835,0194489557,R,R,-, 0000000000,0068055200,S,R,N, 0000000000,000000i885,S,R,N,-0046650835, 20875,00000000,8F\r'
cycle 20 complete
b'R0B5= 00113,-01670,-03111,-03906,-03486,-03638,-03697,-03701,11111001,-0018917158,0198119593,H,R,-, 0000000000,0068055200,S,R,N, 0000000000,000000i885,S,R,N,-0018917158, 00114,00000000,6A\r'
finished test